<?xml version="1.0" encoding="UTF-8"?>
<testng-results skipped="0" failed="0" ignored="0" total="1" passed="1">
  <reporter-output>
  </reporter-output>
  <suite name="Suite" duration-ms="7677" started-at="2023-01-08T02:22:21 IST" finished-at="2023-01-08T02:22:29 IST">
    <groups>
    </groups>
    <test name="Test" duration-ms="7677" started-at="2023-01-08T02:22:21 IST" finished-at="2023-01-08T02:22:29 IST">
      <class name="script.Test1">
        <test-method status="PASS" signature="setPath()[pri:0, instance:script.Test1@64485a47]" name="setPath" is-config="true" duration-ms="0" started-at="2023-01-08T02:22:21 IST" finished-at="2023-01-08T02:22:21 IST">
          <reporter-output>
          </reporter-output>
        </test-method> <!-- setPath -->
        <test-method status="PASS" signature="launchBrowser(java.lang.String)[pri:0, instance:script.Test1@64485a47]" name="launchBrowser" is-config="true" duration-ms="5900" started-at="2023-01-08T02:22:21 IST" finished-at="2023-01-08T02:22:27 IST">
          <params>
            <param index="0">
              <value>
                <![CDATA[chrome]]>
              </value>
            </param>
          </params>
          <reporter-output>
          </reporter-output>
        </test-method> <!-- launchBrowser -->
        <test-method status="PASS" signature="loginTest()[pri:0, instance:script.Test1@64485a47]" name="loginTest" duration-ms="916" started-at="2023-01-08T02:22:27 IST" finished-at="2023-01-08T02:22:28 IST">
          <reporter-output>
          </reporter-output>
        </test-method> <!-- loginTest -->
        <test-method status="PASS" signature="closebrowser()[pri:0, instance:script.Test1@64485a47]" name="closebrowser" is-config="true" duration-ms="798" started-at="2023-01-08T02:22:28 IST" finished-at="2023-01-08T02:22:29 IST">
          <reporter-output>
          </reporter-output>
        </test-method> <!-- closebrowser -->
        <test-method status="PASS" signature="killtask()[pri:0, instance:script.Test1@64485a47]" name="killtask" is-config="true" duration-ms="19" started-at="2023-01-08T02:22:29 IST" finished-at="2023-01-08T02:22:29 IST">
          <reporter-output>
          </reporter-output>
        </test-method> <!-- killtask -->
      </class> <!-- script.Test1 -->
    </test> <!-- Test -->
  </suite> <!-- Suite -->
</testng-results>
