<?xml version="1.0" encoding="UTF-8"?>
<!-- Generated by org.testng.reporters.JUnitXMLReporter -->
<testsuite hostname="DESKTOP-AOTV5IP" ignored="4" name="FirefoxTest" tests="2" failures="0" timestamp="2023-01-01T14:57:54 IST" time="33.269" errors="0">
  <testcase name="fbLoginScript" time="2.722" classname="testng_programs.P11"/>
  <testcase name="actiLoginScript" time="6.862" classname="testng_programs.P12"/>
  <testcase name="@AfterSuite aftersuite" time="0.0" classname="testng_programs.BaseTest3">
    <ignored/>
  </testcase> <!-- @AfterSuite aftersuite -->
  <testcase name="@BeforeSuite beforesuite" time="0.0" classname="testng_programs.BaseTest3">
    <ignored/>
  </testcase> <!-- @BeforeSuite beforesuite -->
  <testcase name="@AfterTest posttest" time="0.0" classname="testng_programs.BaseTest3">
    <ignored/>
  </testcase> <!-- @AfterTest posttest -->
  <testcase name="@BeforeTest pretest" time="0.0" classname="testng_programs.BaseTest3">
    <ignored/>
  </testcase> <!-- @BeforeTest pretest -->
</testsuite> <!-- FirefoxTest -->
